[debug] [2023-11-21T13:47:52.814Z] ----------------------------------------------------------------------
[debug] [2023-11-21T13:47:52.817Z] Command:       C:\Program Files\nodejs\node.exe C:\Users\Nyshika\AppData\Roaming\npm\node_modules\firebase-tools\lib\bin\firebase.js init
[debug] [2023-11-21T13:47:52.818Z] CLI Version:   12.9.1
[debug] [2023-11-21T13:47:52.819Z] Platform:      win32
[debug] [2023-11-21T13:47:52.819Z] Node Version:  v18.15.0
[debug] [2023-11-21T13:47:52.820Z] Time:          Tue Nov 21 2023 21:47:52 GMT+0800 (Philippine Standard Time)
[debug] [2023-11-21T13:47:52.821Z] ----------------------------------------------------------------------
[debug] 
[debug] [2023-11-21T13:47:52.833Z] > command requires scopes: ["email","openid","https://www.googleapis.com/auth/cloudplatformprojects.readonly","https://www.googleapis.com/auth/firebase","https://www.googleapis.com/auth/cloud-platform"]
[debug] [2023-11-21T13:47:52.834Z] > authorizing via signed-in user (nyshikastormix@gmail.com)
[info] 
     ######## #### ########  ######## ########     ###     ######  ########
     ##        ##  ##     ## ##       ##     ##  ##   ##  ##       ##
     ######    ##  ########  ######   ########  #########  ######  ######
     ##        ##  ##    ##  ##       ##     ## ##     ##       ## ##
     ##       #### ##     ## ######## ########  ##     ##  ######  ########

You're about to initialize a Firebase project in this directory:

  D:\Documents\GitHub\Current\library-collection-analysis

[info] 
=== Project Setup
[info] 
[info] First, let's associate this project directory with a Firebase project.
[info] You can create multiple project aliases by running firebase use --add, 
[info] but for now we'll just set up a default project.
[info] 
[debug] [2023-11-21T13:49:38.341Z] >>> [apiv2][query] GET https://firebase.googleapis.com/v1beta1/projects pageSize=100
[debug] [2023-11-21T13:49:39.261Z] <<< [apiv2][status] GET https://firebase.googleapis.com/v1beta1/projects 200
[debug] [2023-11-21T13:49:39.262Z] <<< [apiv2][body] GET https://firebase.googleapis.com/v1beta1/projects [omitted]
[info] i  Using project ub-library-system (UB Library System) 
[info] 
=== Database Setup
[info] i  database: ensuring required API firebasedatabase.googleapis.com is enabled... 
[debug] [2023-11-21T13:49:41.683Z] >>> [apiv2][query] GET https://serviceusage.googleapis.com/v1/projects/ub-library-system/services/firebasedatabase.googleapis.com [none]
[debug] [2023-11-21T13:49:41.683Z] >>> [apiv2][(partial)header] GET https://serviceusage.googleapis.com/v1/projects/ub-library-system/services/firebasedatabase.googleapis.com x-goog-quota-user=projects/ub-library-system
[debug] [2023-11-21T13:49:43.147Z] <<< [apiv2][status] GET https://serviceusage.googleapis.com/v1/projects/ub-library-system/services/firebasedatabase.googleapis.com 200
[debug] [2023-11-21T13:49:43.147Z] <<< [apiv2][body] GET https://serviceusage.googleapis.com/v1/projects/ub-library-system/services/firebasedatabase.googleapis.com [omitted]
[warn] !  database: missing required API firebasedatabase.googleapis.com. Enabling now... 
[debug] [2023-11-21T13:49:43.148Z] >>> [apiv2][query] POST https://serviceusage.googleapis.com/v1/projects/ub-library-system/services/firebasedatabase.googleapis.com:enable [none]
[debug] [2023-11-21T13:49:43.148Z] >>> [apiv2][(partial)header] POST https://serviceusage.googleapis.com/v1/projects/ub-library-system/services/firebasedatabase.googleapis.com:enable x-goog-quota-user=projects/ub-library-system
[debug] [2023-11-21T13:49:45.116Z] <<< [apiv2][status] POST https://serviceusage.googleapis.com/v1/projects/ub-library-system/services/firebasedatabase.googleapis.com:enable 200
[debug] [2023-11-21T13:49:45.116Z] <<< [apiv2][body] POST https://serviceusage.googleapis.com/v1/projects/ub-library-system/services/firebasedatabase.googleapis.com:enable [omitted]
[debug] [2023-11-21T13:49:55.129Z] >>> [apiv2][query] GET https://serviceusage.googleapis.com/v1/projects/ub-library-system/services/firebasedatabase.googleapis.com [none]
[debug] [2023-11-21T13:49:55.129Z] >>> [apiv2][(partial)header] GET https://serviceusage.googleapis.com/v1/projects/ub-library-system/services/firebasedatabase.googleapis.com x-goog-quota-user=projects/ub-library-system
[debug] [2023-11-21T13:49:56.550Z] <<< [apiv2][status] GET https://serviceusage.googleapis.com/v1/projects/ub-library-system/services/firebasedatabase.googleapis.com 200
[debug] [2023-11-21T13:49:56.556Z] <<< [apiv2][body] GET https://serviceusage.googleapis.com/v1/projects/ub-library-system/services/firebasedatabase.googleapis.com [omitted]
[info] +  database: required API firebasedatabase.googleapis.com is enabled 
[info] 
[debug] [2023-11-21T13:49:56.655Z] >>> [apiv2][query] GET https://firebase.googleapis.com/v1beta1/projects/ub-library-system [none]
[debug] [2023-11-21T13:49:57.297Z] <<< [apiv2][status] GET https://firebase.googleapis.com/v1beta1/projects/ub-library-system 200
[debug] [2023-11-21T13:49:57.300Z] <<< [apiv2][body] GET https://firebase.googleapis.com/v1beta1/projects/ub-library-system {"projectId":"ub-library-system","projectNumber":"63927517925","displayName":"UB Library System","name":"projects/ub-library-system","resources":{"hostingSite":"ub-library-system"},"state":"ACTIVE","etag":"1_2b0e9794-32a5-4a86-aa57-c18114d1563f"}
